<?xml version="1.0" encoding="UTF-8"?>
<!-- Generated by org.testng.reporters.JUnitReportReporter -->
<testsuite hostname="LAPTOP-4CCMMQN3" failures="0" tests="3" name="runner.TestRunner" time="28.984" errors="0" timestamp="2025-04-01T23:59:29 IST" skipped="0">
  <testcase classname="runner.TestRunner" name="TestCase2" time="10.614"/>
  <testcase classname="runner.TestRunner" name="TestCase1" time="9.226"/>
  <testcase classname="runner.TestRunner" name="TestCase3" time="9.144"/>
</testsuite> <!-- runner.TestRunner -->
