<?xml version="1.0" encoding="UTF-8"?>
<!-- Generated by org.testng.reporters.JUnitReportReporter -->
<testsuite hostname="LAPTOP-4CCMMQN3" failures="0" tests="3" name="runner.TestRunner" time="28.438" errors="0" timestamp="2025-04-03T21:48:02 IST" skipped="0">
  <testcase classname="runner.TestRunner" name="TestCase3" time="7.929"/>
  <testcase classname="runner.TestRunner" name="TestCase1" time="12.710"/>
  <testcase classname="runner.TestRunner" name="TestCase2" time="7.799"/>
</testsuite> <!-- runner.TestRunner -->
