<?xml version="1.0" encoding="UTF-8"?>
<!-- Generated by org.testng.reporters.JUnitReportReporter -->
<testsuite hostname="LAPTOP-4CCMMQN3" failures="0" tests="1" name="runner.TestRunner" time="14.509" errors="0" timestamp="2025-04-01T12:43:18 IST" skipped="0">
  <testcase classname="runner.TestRunner" name="TestCase1" time="14.509"/>
</testsuite> <!-- runner.TestRunner -->
