<?xml version="1.0" encoding="UTF-8"?>
<!-- Generated by org.testng.reporters.JUnitReportReporter -->
<testsuite hostname="LAPTOP-4CCMMQN3" failures="0" tests="2" name="runner.TestRunner" time="14.721" errors="0" timestamp="2025-04-01T14:25:00 IST" skipped="1">
  <testcase classname="runner.TestRunner" name="TestCase2" time="14.721"/>
  <testcase classname="runner.TestRunner" name="TestCase1">
    <skipped/>
  </testcase> <!-- TestCase1 -->
</testsuite> <!-- runner.TestRunner -->
